<?xml version="1.0" encoding="UTF-8"?>
<testsuite name="com.mySpringProject.test.web.PostsApiControllerTest" tests="2" skipped="0" failures="0" errors="0" timestamp="2020-01-14T13:48:55" hostname="jaehyunui-MacBook-Pro.local" time="0.386">
  <properties/>
  <testcase name="Posts_등록된다" classname="com.mySpringProject.test.web.PostsApiControllerTest" time="0.311"/>
  <testcase name="Posts_수정된다" classname="com.mySpringProject.test.web.PostsApiControllerTest" time="0.069"/>
  <system-out><![CDATA[2020-01-14 22:48:55.282  INFO 2681 --- [    Test worker] .b.t.c.SpringBootTestContextBootstrapper : Neither @ContextConfiguration nor @ContextHierarchy found for test class [com.mySpringProject.test.web.PostsApiControllerTest], using SpringBootContextLoader
2020-01-14 22:48:55.283  INFO 2681 --- [    Test worker] o.s.t.c.support.AbstractContextLoader    : Could not detect default resource locations for test class [com.mySpringProject.test.web.PostsApiControllerTest]: no resource found for suffixes {-context.xml, Context.groovy}.
2020-01-14 22:48:55.284  INFO 2681 --- [    Test worker] t.c.s.AnnotationConfigContextLoaderUtils : Could not detect default configuration classes for test class [com.mySpringProject.test.web.PostsApiControllerTest]: PostsApiControllerTest does not declare any static, non-private, non-final, nested classes annotated with @Configuration.
2020-01-14 22:48:55.291  INFO 2681 --- [    Test worker] .b.t.c.SpringBootTestContextBootstrapper : Found @SpringBootConfiguration com.mySpringProject.test.Application for test class com.mySpringProject.test.web.PostsApiControllerTest
2020-01-14 22:48:55.292  INFO 2681 --- [    Test worker] .b.t.c.SpringBootTestContextBootstrapper : Loaded default TestExecutionListener class names from location [META-INF/spring.factories]: [org.springframework.security.test.context.support.WithSecurityContextTestExecutionListener, org.springframework.security.test.context.support.ReactorContextTestExecutionListener, org.springframework.boot.test.autoconfigure.restdocs.RestDocsTestExecutionListener, org.springframework.boot.test.autoconfigure.web.client.MockRestServiceServerResetTestExecutionListener, org.springframework.boot.test.autoconfigure.web.servlet.MockMvcPrintOnlyOnFailureTestExecutionListener, org.springframework.boot.test.autoconfigure.web.servlet.WebDriverTestExecutionListener, org.springframework.boot.test.mock.mockito.MockitoTestExecutionListener, org.springframework.boot.test.mock.mockito.ResetMocksTestExecutionListener, org.springframework.test.context.web.ServletTestExecutionListener, org.springframework.test.context.support.DirtiesContextBeforeModesTestExecutionListener, org.springframework.test.context.support.DependencyInjectionTestExecutionListener, org.springframework.test.context.support.DirtiesContextTestExecutionListener, org.springframework.test.context.transaction.TransactionalTestExecutionListener, org.springframework.test.context.jdbc.SqlScriptsTestExecutionListener]
2020-01-14 22:48:55.294  INFO 2681 --- [    Test worker] .b.t.c.SpringBootTestContextBootstrapper : Using TestExecutionListeners: [org.springframework.test.context.web.ServletTestExecutionListener@4aed4824, org.springframework.test.context.support.DirtiesContextBeforeModesTestExecutionListener@387bd775, org.springframework.boot.test.mock.mockito.MockitoTestExecutionListener@3bac17d5, org.springframework.boot.test.autoconfigure.SpringBootDependencyInjectionTestExecutionListener@615ccce7, org.springframework.test.context.support.DirtiesContextTestExecutionListener@41500480, org.springframework.test.context.transaction.TransactionalTestExecutionListener@2776a3a0, org.springframework.test.context.jdbc.SqlScriptsTestExecutionListener@7cbf0a24, org.springframework.security.test.context.support.WithSecurityContextTestExecutionListener@7b03daa0, org.springframework.security.test.context.support.ReactorContextTestExecutionListener@3a36a544, org.springframework.boot.test.autoconfigure.restdocs.RestDocsTestExecutionListener@28cf6a01, org.springframework.boot.test.autoconfigure.web.client.MockRestServiceServerResetTestExecutionListener@2c25bb16, org.springframework.boot.test.autoconfigure.web.servlet.MockMvcPrintOnlyOnFailureTestExecutionListener@4996a2e8, org.springframework.boot.test.autoconfigure.web.servlet.WebDriverTestExecutionListener@4605221b, org.springframework.boot.test.mock.mockito.ResetMocksTestExecutionListener@1549d7b8]
2020-01-14 22:48:55.317  INFO 2681 --- [    Test worker] o.a.c.c.C.[Tomcat].[localhost].[/]       : Initializing Spring TestDispatcherServlet ''
2020-01-14 22:48:55.319  INFO 2681 --- [    Test worker] o.s.t.web.servlet.TestDispatcherServlet  : Initializing Servlet ''
2020-01-14 22:48:55.332  INFO 2681 --- [    Test worker] o.s.t.web.servlet.TestDispatcherServlet  : Completed initialization in 11 ms
Hibernate: insert into posts (created_date, modified_date, author, content, title) values (?, ?, ?, ?, ?)
Hibernate: select posts0_.id as id1_0_, posts0_.created_date as created_2_0_, posts0_.modified_date as modified3_0_, posts0_.author as author4_0_, posts0_.content as content5_0_, posts0_.title as title6_0_ from posts posts0_
Hibernate: select posts0_.id as id1_0_, posts0_.created_date as created_2_0_, posts0_.modified_date as modified3_0_, posts0_.author as author4_0_, posts0_.content as content5_0_, posts0_.title as title6_0_ from posts posts0_
Hibernate: delete from posts where id=?
2020-01-14 22:48:55.621  INFO 2681 --- [    Test worker] o.a.c.c.C.[Tomcat].[localhost].[/]       : Initializing Spring TestDispatcherServlet ''
2020-01-14 22:48:55.622  INFO 2681 --- [    Test worker] o.s.t.web.servlet.TestDispatcherServlet  : Initializing Servlet ''
2020-01-14 22:48:55.632  INFO 2681 --- [    Test worker] o.s.t.web.servlet.TestDispatcherServlet  : Completed initialization in 10 ms
Hibernate: insert into posts (created_date, modified_date, author, content, title) values (?, ?, ?, ?, ?)
Hibernate: select posts0_.id as id1_0_0_, posts0_.created_date as created_2_0_0_, posts0_.modified_date as modified3_0_0_, posts0_.author as author4_0_0_, posts0_.content as content5_0_0_, posts0_.title as title6_0_0_ from posts posts0_ where posts0_.id=?
Hibernate: update posts set created_date=?, modified_date=?, author=?, content=?, title=? where id=?
Hibernate: select posts0_.id as id1_0_, posts0_.created_date as created_2_0_, posts0_.modified_date as modified3_0_, posts0_.author as author4_0_, posts0_.content as content5_0_, posts0_.title as title6_0_ from posts posts0_
Hibernate: select posts0_.id as id1_0_, posts0_.created_date as created_2_0_, posts0_.modified_date as modified3_0_, posts0_.author as author4_0_, posts0_.content as content5_0_, posts0_.title as title6_0_ from posts posts0_
Hibernate: delete from posts where id=?
]]></system-out>
  <system-err><![CDATA[]]></system-err>
</testsuite>
